2025-05-26 11:49:59,468 - passlib.handlers.bcrypt - WARNING - (trapped) error reading bcrypt version
Traceback (most recent call last):
  File "/Users/ashhad/Dev/DEV/eindr/backend/.venv/lib/python3.13/site-packages/passlib/handlers/bcrypt.py", line 620, in _load_backend_mixin
    version = _bcrypt.__about__.__version__
              ^^^^^^^^^^^^^^^^^
AttributeError: module 'bcrypt' has no attribute '__about__'
2025-05-26 12:04:50,680 - passlib.handlers.bcrypt - WARNING - (trapped) error reading bcrypt version
Traceback (most recent call last):
  File "/Users/ashhad/Dev/DEV/eindr/backend/.venv/lib/python3.13/site-packages/passlib/handlers/bcrypt.py", line 620, in _load_backend_mixin
    version = _bcrypt.__about__.__version__
              ^^^^^^^^^^^^^^^^^
AttributeError: module 'bcrypt' has no attribute '__about__'
2025-05-26 12:04:51,206 - eindr - INFO - Starting Eindr Backend...
2025-05-26 12:04:51,206 - eindr - INFO - Loading AI models...
2025-05-26 12:04:51,206 - eindr - INFO - Loading STT model...
2025-05-26 12:04:51,206 - eindr - INFO - STT model loaded successfully (demo mode)
2025-05-26 12:04:51,206 - eindr - INFO - Loading TTS model from ./models/tts
2025-05-26 12:04:51,206 - eindr - INFO - TTS model loaded successfully
2025-05-26 12:04:51,206 - eindr - INFO - Loading Intent model from ./models/intent
2025-05-26 12:04:51,206 - eindr - INFO - Intent classification model loaded successfully
2025-05-26 12:04:51,206 - eindr - INFO - Loading Chat model from ./models/bloom-560m
2025-05-26 12:04:51,206 - eindr - INFO - Chat model loaded successfully
2025-05-26 12:04:51,207 - apscheduler.scheduler - INFO - Scheduler started
2025-05-26 12:04:51,207 - eindr - INFO - All services initialized successfully!
2025-05-26 12:04:52,616 - eindr - INFO - Shutting down Eindr Backend...
2025-05-26 12:04:52,616 - apscheduler.scheduler - INFO - Scheduler has been shut down
2025-05-26 12:04:54,272 - eindr - WARNING - Vosk not available, running in demo mode
2025-05-26 12:04:55,105 - eindr - WARNING - Vosk not available, running in demo mode
2025-05-26 12:04:55,199 - passlib.handlers.bcrypt - WARNING - (trapped) error reading bcrypt version
Traceback (most recent call last):
  File "/Users/ashhad/Dev/DEV/eindr/backend/.venv/lib/python3.13/site-packages/passlib/handlers/bcrypt.py", line 620, in _load_backend_mixin
    version = _bcrypt.__about__.__version__
              ^^^^^^^^^^^^^^^^^
AttributeError: module 'bcrypt' has no attribute '__about__'
2025-05-26 12:04:55,615 - eindr - INFO - Starting Eindr Backend...
2025-05-26 12:04:55,616 - eindr - INFO - Loading AI models...
2025-05-26 12:04:55,616 - eindr - INFO - Loading Vosk model from ./models/vosk-model-en-us-0.22
2025-05-26 12:04:55,616 - eindr - INFO - Vosk STT model loaded successfully (demo mode)
2025-05-26 12:04:55,616 - eindr - INFO - Loading TTS model from ./models/tts
2025-05-26 12:04:55,616 - eindr - INFO - TTS model loaded successfully
2025-05-26 12:04:55,617 - eindr - INFO - Loading Intent model from ./models/intent
2025-05-26 12:04:55,617 - eindr - INFO - Intent classification model loaded successfully
2025-05-26 12:04:55,617 - eindr - INFO - Loading Chat model from ./models/bloom-560m
2025-05-26 12:04:55,617 - eindr - INFO - Chat model loaded successfully
2025-05-26 12:04:55,618 - apscheduler.scheduler - INFO - Scheduler started
2025-05-26 12:04:55,618 - eindr - INFO - All services initialized successfully!
